<svg xmlns="http://www.w3.org/2000/svg" xmlns:oryx="http://oryx-editor.org"
     id="sid-52109F26-EF96-4BC8-AD9C-92229842A45A" width="753" height="247" xmlns:xlink="http://www.w3.org/1999/xlink"
     xmlns:svg="http://www.w3.org/2000/svg">
    <defs>
        <marker id="sid-18DAAC3D-7C84-4AE5-A537-BD3F04EC3F63start" refX="1" refY="5" markerUnits="userSpaceOnUse"
                markerWidth="17" markerHeight="11" orient="auto">
            undefined
            <path id="sid-18DAAC3D-7C84-4AE5-A537-BD3F04EC3F63default" d="M 5 0 L 11 10" fill="white" stroke="#585858"
                  stroke-width="1" display="none"/>
        </marker>
        <marker id="sid-18DAAC3D-7C84-4AE5-A537-BD3F04EC3F63end" refX="15" refY="6" markerUnits="userSpaceOnUse"
                markerWidth="15" markerHeight="12" orient="auto">
            <path id="sid-18DAAC3D-7C84-4AE5-A537-BD3F04EC3F63arrowhead" d="M 0 1 L 15 6 L 0 11z" fill="#585858"
                  stroke="#585858" stroke-linejoin="round" stroke-width="2"/>
        </marker>
        <marker id="sid-B9EB3910-866B-4DE0-895F-644F1415252Astart" refX="1" refY="5" markerUnits="userSpaceOnUse"
                markerWidth="17" markerHeight="11" orient="auto">
            undefined
            <path id="sid-B9EB3910-866B-4DE0-895F-644F1415252Adefault" d="M 5 0 L 11 10" fill="white" stroke="#585858"
                  stroke-width="1" display="none"/>
        </marker>
        <marker id="sid-B9EB3910-866B-4DE0-895F-644F1415252Aend" refX="15" refY="6" markerUnits="userSpaceOnUse"
                markerWidth="15" markerHeight="12" orient="auto">
            <path id="sid-B9EB3910-866B-4DE0-895F-644F1415252Aarrowhead" d="M 0 1 L 15 6 L 0 11z" fill="#585858"
                  stroke="#585858" stroke-linejoin="round" stroke-width="2"/>
        </marker>
        <marker id="sid-92D58682-81BC-48E3-8693-886CAC839C7Fstart" refX="1" refY="5" markerUnits="userSpaceOnUse"
                markerWidth="17" markerHeight="11" orient="auto">
            undefined
            <path id="sid-92D58682-81BC-48E3-8693-886CAC839C7Fdefault" d="M 5 0 L 11 10" fill="white" stroke="#585858"
                  stroke-width="1" display="none"/>
        </marker>
        <marker id="sid-92D58682-81BC-48E3-8693-886CAC839C7Fend" refX="15" refY="6" markerUnits="userSpaceOnUse"
                markerWidth="15" markerHeight="12" orient="auto">
            <path id="sid-92D58682-81BC-48E3-8693-886CAC839C7Farrowhead" d="M 0 1 L 15 6 L 0 11z" fill="#585858"
                  stroke="#585858" stroke-linejoin="round" stroke-width="2"/>
        </marker>
    </defs>
    <svg id="underlay-container"/>
    <g stroke="none" font-family="Verdana, sans-serif" font-size-adjust="none" font-style="normal" font-variant="normal"
       font-weight="normal" line-heigth="normal" font-size="12">
        <g class="stencils">
            <g class="me"/>
            <g class="children">
                <g id="svg-sid-EBE71594-4194-45E1-BC7B-94549725508C">
                    <g class="stencils" transform="translate(150, 142)">
                        <g class="me">
                            <g pointer-events="fill" id="sid-2294901A-E57E-4216-9524-BDDE12CFE835" title="开始事件">
                                <circle id="sid-2294901A-E57E-4216-9524-BDDE12CFE835bg_frame" cx="15" cy="15" r="15"
                                        stroke="#585858" fill="#ffffff" stroke-width="1"/>
                                <text font-size="11" id="sid-2294901A-E57E-4216-9524-BDDE12CFE835text_name" x="15"
                                      y="32" oryx:align="top center" stroke="#373e48" stroke-width="0pt"
                                      letter-spacing="-0.01px" transform="rotate(0 15 32)" oryx:fontSize="11"
                                      text-anchor="middle"/>
                            </g>
                        </g>
                        <g class="children" style="overflow:hidden"/>
                        <g class="edge"/>
                    </g>
                    <g class="controls">
                        <g class="dockers"/>
                        <g class="magnets" transform="translate(150, 142)">
                            <g pointer-events="all" display="none" transform="translate(7, 7)">
                                <circle cx="8" cy="8" r="4" stroke="none" fill="red" fill-opacity="0.3"/>
                            </g>
                        </g>
                    </g>
                </g>
                <g id="svg-sid-FD19AE3D-DCD4-49F2-8F4C-0222619373C5">
                    <g class="stencils" transform="translate(285, 117)">
                        <g class="me">
                            <g pointer-events="fill" oryx:minimumSize="50 40"
                               id="sid-D48A8077-0BEF-4B66-A98B-9E99B4307EF6" title="人工任务">
                                <rect id="sid-D48A8077-0BEF-4B66-A98B-9E99B4307EF6text_frame"
                                      oryx:anchors="bottom top right left" x="1" y="1" width="94" height="79" rx="10"
                                      ry="10" stroke="none" stroke-width="0" fill="none"/>
                                <rect id="sid-D48A8077-0BEF-4B66-A98B-9E99B4307EF6bg_frame"
                                      oryx:resize="vertical horizontal" x="0" y="0" width="100" height="80" rx="10"
                                      ry="10" stroke="#bbbbbb" stroke-width="1" fill="#f9f9f9"/>
                                <text font-size="12" id="sid-D48A8077-0BEF-4B66-A98B-9E99B4307EF6text_name" x="50"
                                      y="40" oryx:align="middle center" oryx:fittoelem="text_frame" stroke="#373e48"
                                      stroke-width="0pt" letter-spacing="-0.01px" transform="rotate(0 50 40)"
                                      oryx:fontSize="12" text-anchor="middle">
                                    <tspan x="50" y="40" dy="5">申请</tspan>
                                </text>

                                <g id="sid-D48A8077-0BEF-4B66-A98B-9E99B4307EF6userTask" transform="translate(3,3)">
                                    <path oryx:anchors="top left" style="fill:#d1b575;stroke:none;"
                                          d="m 1,17 16,0 0,-1.7778 -5.333332,-3.5555 0,-1.7778 c 1.244444,0 1.244444,-2.3111 1.244444,-2.3111 l 0,-3.0222 C 12.555557,0.8221 9.0000001,1.0001 9.0000001,1.0001 c 0,0 -3.5555556,-0.178 -3.9111111,3.5555 l 0,3.0222 c 0,0 0,2.3111 1.2444443,2.3111 l 0,1.7778 L 1,15.2222 1,17 17,17"
                                          id="sid-D48A8077-0BEF-4B66-A98B-9E99B4307EF6_sid-D48A8077-0BEF-4B66-A98B-9E99B4307EF6_17"/>

                                </g>

                                <g id="sid-D48A8077-0BEF-4B66-A98B-9E99B4307EF6parallel" display="none">
                                    <path oryx:anchors="bottom" fill="none" stroke="#bbbbbb"
                                          d="M46 70 v8 M50 70 v8 M54 70 v8" stroke-width="2"
                                          id="sid-D48A8077-0BEF-4B66-A98B-9E99B4307EF6_sid-D48A8077-0BEF-4B66-A98B-9E99B4307EF6_18"/>
                                </g>

                                <g id="sid-D48A8077-0BEF-4B66-A98B-9E99B4307EF6sequential" display="none">
                                    <path oryx:anchors="bottom" fill="none" stroke="#bbbbbb" stroke-width="2"
                                          d="M46,76h10M46,72h10 M46,68h10"
                                          id="sid-D48A8077-0BEF-4B66-A98B-9E99B4307EF6_sid-D48A8077-0BEF-4B66-A98B-9E99B4307EF6_19"/>
                                </g>


                                <g id="sid-D48A8077-0BEF-4B66-A98B-9E99B4307EF6compensation" display="none">
                                    <path oryx:anchors="bottom" fill="none" stroke="#bbbbbb"
                                          d="M 62 74 L 66 70 L 66 78 L 62 74 L 62 70 L 58 74 L 62 78 L 62 74"
                                          stroke-width="1"
                                          id="sid-D48A8077-0BEF-4B66-A98B-9E99B4307EF6_sid-D48A8077-0BEF-4B66-A98B-9E99B4307EF6_20"/>
                                </g>
                            </g>
                        </g>
                        <g class="children" style="overflow:hidden"/>
                        <g class="edge"/>
                    </g>
                    <g class="controls">
                        <g class="dockers"/>
                        <g class="magnets" transform="translate(285, 117)">
                            <g pointer-events="all" display="none" transform="translate(-7, 12)">
                                <circle cx="8" cy="8" r="4" stroke="none" fill="red" fill-opacity="0.3"/>
                            </g>
                            <g pointer-events="all" display="none" transform="translate(-7, 32)">
                                <circle cx="8" cy="8" r="4" stroke="none" fill="red" fill-opacity="0.3"/>
                            </g>
                            <g pointer-events="all" display="none" transform="translate(-7, 52)">
                                <circle cx="8" cy="8" r="4" stroke="none" fill="red" fill-opacity="0.3"/>
                            </g>
                            <g pointer-events="all" display="none" transform="translate(17, 71)">
                                <circle cx="8" cy="8" r="4" stroke="none" fill="red" fill-opacity="0.3"/>
                            </g>
                            <g pointer-events="all" display="none" transform="translate(42, 71)">
                                <circle cx="8" cy="8" r="4" stroke="none" fill="red" fill-opacity="0.3"/>
                            </g>
                            <g pointer-events="all" display="none" transform="translate(67, 71)">
                                <circle cx="8" cy="8" r="4" stroke="none" fill="red" fill-opacity="0.3"/>
                            </g>
                            <g pointer-events="all" display="none" transform="translate(91, 12)">
                                <circle cx="8" cy="8" r="4" stroke="none" fill="red" fill-opacity="0.3"/>
                            </g>
                            <g pointer-events="all" display="none" transform="translate(91, 32)">
                                <circle cx="8" cy="8" r="4" stroke="none" fill="red" fill-opacity="0.3"/>
                            </g>
                            <g pointer-events="all" display="none" transform="translate(91, 52)">
                                <circle cx="8" cy="8" r="4" stroke="none" fill="red" fill-opacity="0.3"/>
                            </g>
                            <g pointer-events="all" display="none" transform="translate(17, -7)">
                                <circle cx="8" cy="8" r="4" stroke="none" fill="red" fill-opacity="0.3"/>
                            </g>
                            <g pointer-events="all" display="none" transform="translate(42, -7)">
                                <circle cx="8" cy="8" r="4" stroke="none" fill="red" fill-opacity="0.3"/>
                            </g>
                            <g pointer-events="all" display="none" transform="translate(67, -7)">
                                <circle cx="8" cy="8" r="4" stroke="none" fill="red" fill-opacity="0.3"/>
                            </g>
                            <g pointer-events="all" display="none" transform="translate(42, 32)">
                                <circle cx="8" cy="8" r="4" stroke="none" fill="red" fill-opacity="0.3"/>
                            </g>
                        </g>
                    </g>
                </g>
                <g id="svg-sid-375EA600-1485-423D-BA29-FD7E788B1DEA">
                    <g class="stencils" transform="translate(480, 117)">
                        <g class="me">
                            <g pointer-events="fill" oryx:minimumSize="50 40"
                               id="sid-FCB3B547-4E53-4E23-9E8E-3CE72AD45401" title="人工任务">
                                <rect id="sid-FCB3B547-4E53-4E23-9E8E-3CE72AD45401text_frame"
                                      oryx:anchors="bottom top right left" x="1" y="1" width="94" height="79" rx="10"
                                      ry="10" stroke="none" stroke-width="0" fill="none"/>
                                <rect id="sid-FCB3B547-4E53-4E23-9E8E-3CE72AD45401bg_frame"
                                      oryx:resize="vertical horizontal" x="0" y="0" width="100" height="80" rx="10"
                                      ry="10" stroke="#bbbbbb" stroke-width="1" fill="#f9f9f9"/>
                                <text font-size="12" id="sid-FCB3B547-4E53-4E23-9E8E-3CE72AD45401text_name" x="50"
                                      y="40" oryx:align="middle center" oryx:fittoelem="text_frame" stroke="#373e48"
                                      stroke-width="0pt" letter-spacing="-0.01px" transform="rotate(0 50 40)"
                                      oryx:fontSize="12" text-anchor="middle">
                                    <tspan x="50" y="40" dy="5">审批</tspan>
                                </text>

                                <g id="sid-FCB3B547-4E53-4E23-9E8E-3CE72AD45401userTask" transform="translate(3,3)">
                                    <path oryx:anchors="top left" style="fill:#d1b575;stroke:none;"
                                          d="m 1,17 16,0 0,-1.7778 -5.333332,-3.5555 0,-1.7778 c 1.244444,0 1.244444,-2.3111 1.244444,-2.3111 l 0,-3.0222 C 12.555557,0.8221 9.0000001,1.0001 9.0000001,1.0001 c 0,0 -3.5555556,-0.178 -3.9111111,3.5555 l 0,3.0222 c 0,0 0,2.3111 1.2444443,2.3111 l 0,1.7778 L 1,15.2222 1,17 17,17"
                                          id="sid-FCB3B547-4E53-4E23-9E8E-3CE72AD45401_sid-FCB3B547-4E53-4E23-9E8E-3CE72AD45401_17"/>

                                </g>

                                <g id="sid-FCB3B547-4E53-4E23-9E8E-3CE72AD45401parallel" display="none">
                                    <path oryx:anchors="bottom" fill="none" stroke="#bbbbbb"
                                          d="M46 70 v8 M50 70 v8 M54 70 v8" stroke-width="2"
                                          id="sid-FCB3B547-4E53-4E23-9E8E-3CE72AD45401_sid-FCB3B547-4E53-4E23-9E8E-3CE72AD45401_18"/>
                                </g>

                                <g id="sid-FCB3B547-4E53-4E23-9E8E-3CE72AD45401sequential" display="none">
                                    <path oryx:anchors="bottom" fill="none" stroke="#bbbbbb" stroke-width="2"
                                          d="M46,76h10M46,72h10 M46,68h10"
                                          id="sid-FCB3B547-4E53-4E23-9E8E-3CE72AD45401_sid-FCB3B547-4E53-4E23-9E8E-3CE72AD45401_19"/>
                                </g>


                                <g id="sid-FCB3B547-4E53-4E23-9E8E-3CE72AD45401compensation" display="none">
                                    <path oryx:anchors="bottom" fill="none" stroke="#bbbbbb"
                                          d="M 62 74 L 66 70 L 66 78 L 62 74 L 62 70 L 58 74 L 62 78 L 62 74"
                                          stroke-width="1"
                                          id="sid-FCB3B547-4E53-4E23-9E8E-3CE72AD45401_sid-FCB3B547-4E53-4E23-9E8E-3CE72AD45401_20"/>
                                </g>
                            </g>
                        </g>
                        <g class="children" style="overflow:hidden"/>
                        <g class="edge"/>
                    </g>
                    <g class="controls">
                        <g class="dockers"/>
                        <g class="magnets" transform="translate(480, 117)">
                            <g pointer-events="all" display="none" transform="translate(-7, 12)">
                                <circle cx="8" cy="8" r="4" stroke="none" fill="red" fill-opacity="0.3"/>
                            </g>
                            <g pointer-events="all" display="none" transform="translate(-7, 32)">
                                <circle cx="8" cy="8" r="4" stroke="none" fill="red" fill-opacity="0.3"/>
                            </g>
                            <g pointer-events="all" display="none" transform="translate(-7, 52)">
                                <circle cx="8" cy="8" r="4" stroke="none" fill="red" fill-opacity="0.3"/>
                            </g>
                            <g pointer-events="all" display="none" transform="translate(17, 71)">
                                <circle cx="8" cy="8" r="4" stroke="none" fill="red" fill-opacity="0.3"/>
                            </g>
                            <g pointer-events="all" display="none" transform="translate(42, 71)">
                                <circle cx="8" cy="8" r="4" stroke="none" fill="red" fill-opacity="0.3"/>
                            </g>
                            <g pointer-events="all" display="none" transform="translate(67, 71)">
                                <circle cx="8" cy="8" r="4" stroke="none" fill="red" fill-opacity="0.3"/>
                            </g>
                            <g pointer-events="all" display="none" transform="translate(91, 12)">
                                <circle cx="8" cy="8" r="4" stroke="none" fill="red" fill-opacity="0.3"/>
                            </g>
                            <g pointer-events="all" display="none" transform="translate(91, 32)">
                                <circle cx="8" cy="8" r="4" stroke="none" fill="red" fill-opacity="0.3"/>
                            </g>
                            <g pointer-events="all" display="none" transform="translate(91, 52)">
                                <circle cx="8" cy="8" r="4" stroke="none" fill="red" fill-opacity="0.3"/>
                            </g>
                            <g pointer-events="all" display="none" transform="translate(17, -7)">
                                <circle cx="8" cy="8" r="4" stroke="none" fill="red" fill-opacity="0.3"/>
                            </g>
                            <g pointer-events="all" display="none" transform="translate(42, -7)">
                                <circle cx="8" cy="8" r="4" stroke="none" fill="red" fill-opacity="0.3"/>
                            </g>
                            <g pointer-events="all" display="none" transform="translate(67, -7)">
                                <circle cx="8" cy="8" r="4" stroke="none" fill="red" fill-opacity="0.3"/>
                            </g>
                            <g pointer-events="all" display="none" transform="translate(42, 32)">
                                <circle cx="8" cy="8" r="4" stroke="none" fill="red" fill-opacity="0.3"/>
                            </g>
                        </g>
                    </g>
                </g>
                <g id="svg-sid-60312A93-E37C-4E3A-B41E-EC7398EBCBAB">
                    <g class="stencils" transform="translate(675, 143)">
                        <g class="me">
                            <g pointer-events="fill" id="sid-AED869EA-FED3-4421-8F0D-5A8FA399E363" title="结束事件">
                                <circle id="sid-AED869EA-FED3-4421-8F0D-5A8FA399E363bg_frame" cx="14" cy="14" r="14"
                                        stroke="#585858" fill="#ffffff" stroke-width="3"/>
                                <text font-size="11" id="sid-AED869EA-FED3-4421-8F0D-5A8FA399E363text_name" x="14"
                                      y="30" oryx:align="top center" stroke="#373e48" stroke-width="0pt"
                                      letter-spacing="-0.01px" transform="rotate(0 14 30)" oryx:fontSize="11"
                                      text-anchor="middle"/>
                            </g>
                        </g>
                        <g class="children" style="overflow:hidden"/>
                        <g class="edge"/>
                    </g>
                    <g class="controls">
                        <g class="dockers"/>
                        <g class="magnets" transform="translate(675, 143)">
                            <g pointer-events="all" display="none" transform="translate(6, 6)">
                                <circle cx="8" cy="8" r="4" stroke="none" fill="red" fill-opacity="0.3"/>
                            </g>
                        </g>
                    </g>
                </g>
            </g>
            <g class="edge">
                <g id="svg-sid-69DABEE8-7CBF-4080-816F-81087DE13A22">
                    <g class="stencils">
                        <g class="me">
                            <g pointer-events="painted">
                                <path id="sid-18DAAC3D-7C84-4AE5-A537-BD3F04EC3F63_1"
                                      d="M385.51171875 157L479.48828125 157 " stroke="#585858" fill="none"
                                      stroke-width="2" stroke-linecap="round" stroke-linejoin="round"
                                      marker-start="url(#sid-18DAAC3D-7C84-4AE5-A537-BD3F04EC3F63start)"
                                      marker-end="url(#sid-18DAAC3D-7C84-4AE5-A537-BD3F04EC3F63end)"/>
                            </g>
                            <text id="sid-18DAAC3D-7C84-4AE5-A537-BD3F04EC3F63text_name" x="393" y="149"
                                  oryx:edgePosition="startTop" stroke-width="0pt" letter-spacing="-0.01px"
                                  transform="rotate(360 385 157)" oryx:fontSize="12" text-anchor="start"/>
                        </g>
                        <g class="children" style="overflow:hidden"/>
                        <g class="edge"/>
                    </g>
                    <g class="controls">
                        <g class="dockers"/>
                        <g class="magnets"/>
                    </g>
                </g>
                <g id="svg-sid-7585380E-C397-4CB9-8FA5-49CA1C8D24D7">
                    <g class="stencils">
                        <g class="me">
                            <g pointer-events="painted">
                                <path id="sid-B9EB3910-866B-4DE0-895F-644F1415252A_1"
                                      d="M180.609375 157L284.859375 157 " stroke="#585858" fill="none" stroke-width="2"
                                      stroke-linecap="round" stroke-linejoin="round"
                                      marker-start="url(#sid-B9EB3910-866B-4DE0-895F-644F1415252Astart)"
                                      marker-end="url(#sid-B9EB3910-866B-4DE0-895F-644F1415252Aend)"/>
                            </g>
                            <text id="sid-B9EB3910-866B-4DE0-895F-644F1415252Atext_name" x="188" y="149"
                                  oryx:edgePosition="startTop" stroke-width="0pt" letter-spacing="-0.01px"
                                  transform="rotate(360 180 157)" oryx:fontSize="12" text-anchor="start"/>
                        </g>
                        <g class="children" style="overflow:hidden"/>
                        <g class="edge"/>
                    </g>
                    <g class="controls">
                        <g class="dockers"/>
                        <g class="magnets"/>
                    </g>
                </g>
                <g id="svg-sid-AD44305D-F622-41AE-AFA3-3A01CF6FCB89">
                    <g class="stencils">
                        <g class="me">
                            <g pointer-events="painted">
                                <path id="sid-92D58682-81BC-48E3-8693-886CAC839C7F_1" d="M580.6875 157L674.3359375 157 "
                                      stroke="#585858" fill="none" stroke-width="2" stroke-linecap="round"
                                      stroke-linejoin="round"
                                      marker-start="url(#sid-92D58682-81BC-48E3-8693-886CAC839C7Fstart)"
                                      marker-end="url(#sid-92D58682-81BC-48E3-8693-886CAC839C7Fend)"/>
                            </g>
                            <text id="sid-92D58682-81BC-48E3-8693-886CAC839C7Ftext_name" x="588" y="149"
                                  oryx:edgePosition="startTop" stroke-width="0pt" letter-spacing="-0.01px"
                                  transform="rotate(360 580 157)" oryx:fontSize="12" text-anchor="start"/>
                        </g>
                        <g class="children" style="overflow:hidden"/>
                        <g class="edge"/>
                    </g>
                    <g class="controls">
                        <g class="dockers"/>
                        <g class="magnets"/>
                    </g>
                </g>
            </g>
        </g>
        <g class="svgcontainer">
            <g display="none">
                <rect x="0" y="0" stroke-width="1" stroke="#777777" fill="none" stroke-dasharray="2,2"
                      pointer-events="none"/>
            </g>
            <g display="none">
                <path stroke-width="1" stroke="silver" fill="none" stroke-dasharray="5,5" pointer-events="none"/>
            </g>
            <g display="none">
                <path stroke-width="1" stroke="silver" fill="none" stroke-dasharray="5,5" pointer-events="none"/>
            </g>
            <g/>
        </g>
    </g>
</svg>